0 info it worked if it ends with ok
1 verbose cli [ 'C:\\Program Files (x86)\\nodejs\\\\node.exe',
1 verbose cli   'C:\\Program Files (x86)\\nodejs\\node_modules\\npm\\bin\\npm-cli.js',
1 verbose cli   'install',
1 verbose cli   '-g',
1 verbose cli   'keytool' ]
2 info using npm@1.3.21
3 info using node@v0.10.24
4 verbose node symlink C:\Program Files (x86)\nodejs\\node.exe
5 verbose cache add [ 'keytool', null ]
6 verbose cache add name=undefined spec="keytool" args=["keytool",null]
7 verbose parsed url { protocol: null,
7 verbose parsed url   slashes: null,
7 verbose parsed url   auth: null,
7 verbose parsed url   host: null,
7 verbose parsed url   port: null,
7 verbose parsed url   hostname: null,
7 verbose parsed url   hash: null,
7 verbose parsed url   search: null,
7 verbose parsed url   query: null,
7 verbose parsed url   pathname: 'keytool',
7 verbose parsed url   path: 'keytool',
7 verbose parsed url   href: 'keytool' }
8 silly lockFile 9868be88-keytool keytool
9 verbose lock keytool C:\Users\neousr02.NEOD-NOTASSIGNE\AppData\Roaming\npm-cache\9868be88-keytool.lock
10 silly lockFile 9868be88-keytool keytool
11 silly lockFile 9868be88-keytool keytool
12 verbose addNamed [ 'keytool', '' ]
13 verbose addNamed [ null, '*' ]
14 silly lockFile b0ce65e7-keytool keytool@
15 verbose lock keytool@ C:\Users\neousr02.NEOD-NOTASSIGNE\AppData\Roaming\npm-cache\b0ce65e7-keytool.lock
16 silly addNameRange { name: 'keytool', range: '*', hasData: false }
17 verbose url raw keytool
18 verbose url resolving [ 'https://registry.npmjs.org/', './keytool' ]
19 verbose url resolved https://registry.npmjs.org/keytool
20 info trying registry request attempt 1 at 20:38:53
21 http GET https://registry.npmjs.org/keytool
22 http 404 https://registry.npmjs.org/keytool
23 silly registry.get cb [ 404,
23 silly registry.get   { date: 'Tue, 05 Aug 2014 15:08:59 GMT',
23 silly registry.get     server: 'CouchDB/1.5.0 (Erlang OTP/R16B03)',
23 silly registry.get     'content-type': 'application/json',
23 silly registry.get     'cache-control': 'max-age=0',
23 silly registry.get     'content-length': '52',
23 silly registry.get     'accept-ranges': 'bytes',
23 silly registry.get     via: '1.1 varnish',
23 silly registry.get     age: '0',
23 silly registry.get     'x-served-by': 'cache-iad2120-IAD',
23 silly registry.get     'x-cache': 'MISS',
23 silly registry.get     'x-cache-hits': '0',
23 silly registry.get     'x-timer': 'S1407251339.409006,VS0,VE13',
23 silly registry.get     'keep-alive': 'timeout=10, max=50',
23 silly registry.get     connection: 'Keep-Alive' } ]
24 silly lockFile b0ce65e7-keytool keytool@
25 silly lockFile b0ce65e7-keytool keytool@
26 error 404 'keytool' is not in the npm registry.
26 error 404 You should bug the author to publish it
26 error 404
26 error 404 Note that you can also install from a
26 error 404 tarball, folder, or http url, or git url.
27 error System Windows_NT 6.1.7601
28 error command "C:\\Program Files (x86)\\nodejs\\\\node.exe" "C:\\Program Files (x86)\\nodejs\\node_modules\\npm\\bin\\npm-cli.js" "install" "-g" "keytool"
29 error cwd C:\wamp\www\proj\Gtasks
30 error node -v v0.10.24
31 error npm -v 1.3.21
32 error code E404
33 verbose exit [ 1, true ]
